# JRE version: Java(TM) SE Runtime Environment (8.0_45-b15) (build 1.8.0_45-b15)
# Java VM: Java HotSpot(TM) 64-Bit Server VM (25.45-b02 mixed mode windows-amd64 compressed oops)
Heap:
 PSYoungGen      total 167936K, used 56528K [0x00000000eab00000, 0x00000000fa000000, 0x0000000100000000)
  eden space 144384K, 23% used [0x00000000eab00000,0x00000000ecb77728,0x00000000f3800000)
  from space 23552K, 98% used [0x00000000f8900000,0x00000000f9fbcba0,0x00000000fa000000)
  to   space 32768K, 0% used [0x00000000f6000000,0x00000000f6000000,0x00000000f8000000)
 ParOldGen       total 83456K, used 48964K [0x00000000c0000000, 0x00000000c5180000, 0x00000000eab00000)
  object space 83456K, 58% used [0x00000000c0000000,0x00000000c2fd12d8,0x00000000c5180000)
 Metaspace       used 6793K, capacity 7544K, committed 7680K, reserved 1056768K
  class space    used 632K, capacity 688K, committed 768K, reserved 1048576K
GC Heap History (10 events):
Event: 6.232 GC heap before
{Heap before GC invocations=7 (full 0):
 PSYoungGen      total 73728K, used 72468K [0x00000000eab00000, 0x00000000f0100000, 0x0000000100000000)
  eden space 64000K, 100% used [0x00000000eab00000,0x00000000ee980000,0x00000000ee980000)
  from space 9728K, 87% used [0x00000000ef480000,0x00000000efcc5378,0x00000000efe00000)
  to   space 11264K, 0% used [0x00000000ee980000,0x00000000ee980000,0x00000000ef480000)
 ParOldGen       total 44032K, used 13785K [0x00000000c0000000, 0x00000000c2b00000, 0x00000000eab00000)
  object space 44032K, 31% used [0x00000000c0000000,0x00000000c0d76678,0x00000000c2b00000)
 Metaspace       used 6290K, capacity 7152K, committed 7296K, reserved 1056768K
  class space    used 593K, capacity 616K, committed 640K, reserved 1048576K
Event: 6.325 GC heap after
Heap after GC invocations=7 (full 0):
 PSYoungGen      total 75264K, used 11233K [0x00000000eab00000, 0x00000000f4800000, 0x0000000100000000)
  eden space 64000K, 0% used [0x00000000eab00000,0x00000000eab00000,0x00000000ee980000)
  from space 11264K, 99% used [0x00000000ee980000,0x00000000ef478720,0x00000000ef480000)
  to   space 16384K, 0% used [0x00000000f3800000,0x00000000f3800000,0x00000000f4800000)
 ParOldGen       total 44032K, used 20293K [0x00000000c0000000, 0x00000000c2b00000, 0x00000000eab00000)
  object space 44032K, 46% used [0x00000000c0000000,0x00000000c13d17b0,0x00000000c2b00000)
 Metaspace       used 6290K, capacity 7152K, committed 7296K, reserved 1056768K
  class space    used 593K, capacity 616K, committed 640K, reserved 1048576K
}
Event: 7.076 GC heap before
{Heap before GC invocations=8 (full 0):
 PSYoungGen      total 75264K, used 75233K [0x00000000eab00000, 0x00000000f4800000, 0x0000000100000000)
  eden space 64000K, 100% used [0x00000000eab00000,0x00000000ee980000,0x00000000ee980000)
  from space 11264K, 99% used [0x00000000ee980000,0x00000000ef478720,0x00000000ef480000)
  to   space 16384K, 0% used [0x00000000f3800000,0x00000000f3800000,0x00000000f4800000)
 ParOldGen       total 44032K, used 20293K [0x00000000c0000000, 0x00000000c2b00000, 0x00000000eab00000)
  object space 44032K, 46% used [0x00000000c0000000,0x00000000c13d17b0,0x00000000c2b00000)
 Metaspace       used 6324K, capacity 7216K, committed 7296K, reserved 1056768K
  class space    used 593K, capacity 616K, committed 640K, reserved 1048576K
Event: 7.186 GC heap after
Heap after GC invocations=8 (full 0):
 PSYoungGen      total 139264K, used 16368K [0x00000000eab00000, 0x00000000f5200000, 0x0000000100000000)
  eden space 122880K, 0% used [0x00000000eab00000,0x00000000eab00000,0x00000000f2300000)
  from space 16384K, 99% used [0x00000000f3800000,0x00000000f47fc200,0x00000000f4800000)
  to   space 21504K, 0% used [0x00000000f2300000,0x00000000f2300000,0x00000000f3800000)
 ParOldGen       total 44032K, used 25294K [0x00000000c0000000, 0x00000000c2b00000, 0x00000000eab00000)
  object space 44032K, 57% used [0x00000000c0000000,0x00000000c18b3aa8,0x00000000c2b00000)
 Metaspace       used 6324K, capacity 7216K, committed 7296K, reserved 1056768K
  class space    used 593K, capacity 616K, committed 640K, reserved 1048576K
}
Event: 8.520 GC heap before
{Heap before GC invocations=9 (full 0):
 PSYoungGen      total 139264K, used 139248K [0x00000000eab00000, 0x00000000f5200000, 0x0000000100000000)
  eden space 122880K, 100% used [0x00000000eab00000,0x00000000f2300000,0x00000000f2300000)
  from space 16384K, 99% used [0x00000000f3800000,0x00000000f47fc200,0x00000000f4800000)
  to   space 21504K, 0% used [0x00000000f2300000,0x00000000f2300000,0x00000000f3800000)
 ParOldGen       total 44032K, used 25294K [0x00000000c0000000, 0x00000000c2b00000, 0x00000000eab00000)
  object space 44032K, 57% used [0x00000000c0000000,0x00000000c18b3aa8,0x00000000c2b00000)
 Metaspace       used 6457K, capacity 7256K, committed 7424K, reserved 1056768K
  class space    used 613K, capacity 656K, committed 768K, reserved 1048576K
Event: 8.708 GC heap after
Heap after GC invocations=9 (full 0):
 PSYoungGen      total 144384K, used 21489K [0x00000000eab00000, 0x00000000fa700000, 0x0000000100000000)
  eden space 122880K, 0% used [0x00000000eab00000,0x00000000eab00000,0x00000000f2300000)
  from space 21504K, 99% used [0x00000000f2300000,0x00000000f37fc6b0,0x00000000f3800000)
  to   space 30720K, 0% used [0x00000000f8900000,0x00000000f8900000,0x00000000fa700000)
 ParOldGen       total 44032K, used 38730K [0x00000000c0000000, 0x00000000c2b00000, 0x00000000eab00000)
  object space 44032K, 87% used [0x00000000c0000000,0x00000000c25d2be0,0x00000000c2b00000)
 Metaspace       used 6457K, capacity 7256K, committed 7424K, reserved 1056768K
  class space    used 613K, capacity 656K, committed 768K, reserved 1048576K
}
Event: 8.708 GC heap before
{Heap before GC invocations=10 (full 1):
 PSYoungGen      total 144384K, used 21489K [0x00000000eab00000, 0x00000000fa700000, 0x0000000100000000)
  eden space 122880K, 0% used [0x00000000eab00000,0x00000000eab00000,0x00000000f2300000)
  from space 21504K, 99% used [0x00000000f2300000,0x00000000f37fc6b0,0x00000000f3800000)
  to   space 30720K, 0% used [0x00000000f8900000,0x00000000f8900000,0x00000000fa700000)
 ParOldGen       total 44032K, used 38730K [0x00000000c0000000, 0x00000000c2b00000, 0x00000000eab00000)
  object space 44032K, 87% used [0x00000000c0000000,0x00000000c25d2be0,0x00000000c2b00000)
 Metaspace       used 6457K, capacity 7256K, committed 7424K, reserved 1056768K
  class space    used 613K, capacity 656K, committed 768K, reserved 1048576K
Event: 10.665 GC heap after
Heap after GC invocations=10 (full 1):
 PSYoungGen      total 144384K, used 10692K [0x00000000eab00000, 0x00000000fa700000, 0x0000000100000000)
  eden space 122880K, 0% used [0x00000000eab00000,0x00000000eab00000,0x00000000f2300000)
  from space 21504K, 49% used [0x00000000f2300000,0x00000000f2d712a0,0x00000000f3800000)
  to   space 30720K, 0% used [0x00000000f8900000,0x00000000f8900000,0x00000000fa700000)
 ParOldGen       total 83456K, used 43727K [0x00000000c0000000, 0x00000000c5180000, 0x00000000eab00000)
  object space 83456K, 52% used [0x00000000c0000000,0x00000000c2ab3dd0,0x00000000c5180000)
 Metaspace       used 6457K, capacity 7256K, committed 7424K, reserved 1056768K
  class space    used 613K, capacity 656K, committed 768K, reserved 1048576K
}
Event: 12.392 GC heap before
{Heap before GC invocations=11 (full 1):
 PSYoungGen      total 144384K, used 133572K [0x00000000eab00000, 0x00000000fa700000, 0x0000000100000000)
  eden space 122880K, 100% used [0x00000000eab00000,0x00000000f2300000,0x00000000f2300000)
  from space 21504K, 49% used [0x00000000f2300000,0x00000000f2d712a0,0x00000000f3800000)
  to   space 30720K, 0% used [0x00000000f8900000,0x00000000f8900000,0x00000000fa700000)
 ParOldGen       total 83456K, used 43727K [0x00000000c0000000, 0x00000000c5180000, 0x00000000eab00000)
  object space 83456K, 52% used [0x00000000c0000000,0x00000000c2ab3dd0,0x00000000c5180000)
 Metaspace       used 6470K, capacity 7256K, committed 7424K, reserved 1056768K
  class space    used 613K, capacity 656K, committed 768K, reserved 1048576K
Event: 12.517 GC heap after
Heap after GC invocations=11 (full 1):
 PSYoungGen      total 167936K, used 23282K [0x00000000eab00000, 0x00000000fa000000, 0x0000000100000000)
  eden space 144384K, 0% used [0x00000000eab00000,0x00000000eab00000,0x00000000f3800000)
  from space 23552K, 98% used [0x00000000f8900000,0x00000000f9fbcba0,0x00000000fa000000)
  to   space 32768K, 0% used [0x00000000f6000000,0x00000000f6000000,0x00000000f8000000)
 ParOldGen       total 83456K, used 48964K [0x00000000c0000000, 0x00000000c5180000, 0x00000000eab00000)
  object space 83456K, 58% used [0x00000000c0000000,0x00000000c2fd12d8,0x00000000c5180000)
 Metaspace       used 6470K, capacity 7256K, committed 7424K, reserved 1056768K
  class space    used 613K, capacity 656K, committed 768K, reserved 1048576K
}

