# JRE version: Java(TM) SE Runtime Environment (8.0_45-b15) (build 1.8.0_45-b15)
# Java VM: Java HotSpot(TM) 64-Bit Server VM (25.45-b02 mixed mode windows-amd64 compressed oops)
Heap:
 PSYoungGen      total 120320K, used 81796K [0x00000000eab00000, 0x00000000f6400000, 0x0000000100000000)
  eden space 101376K, 61% used [0x00000000eab00000,0x00000000ee861358,0x00000000f0e00000)
  from space 18944K, 99% used [0x00000000f0e00000,0x00000000f207fde0,0x00000000f2080000)
  to   space 25088K, 0% used [0x00000000f4b80000,0x00000000f4b80000,0x00000000f6400000)
 ParOldGen       total 71680K, used 49268K [0x00000000c0000000, 0x00000000c4600000, 0x00000000eab00000)
  object space 71680K, 68% used [0x00000000c0000000,0x00000000c301d1d0,0x00000000c4600000)
 Metaspace       used 6745K, capacity 7544K, committed 7680K, reserved 1056768K
  class space    used 632K, capacity 688K, committed 768K, reserved 1048576K
GC Heap History (10 events):
Event: 11.291 GC heap before
{Heap before GC invocations=6 (full 0):
 PSYoungGen      total 68096K, used 68064K [0x00000000eab00000, 0x00000000ef000000, 0x0000000100000000)
  eden space 65536K, 100% used [0x00000000eab00000,0x00000000eeb00000,0x00000000eeb00000)
  from space 2560K, 98% used [0x00000000eeb00000,0x00000000eed781e0,0x00000000eed80000)
  to   space 2560K, 0% used [0x00000000eed80000,0x00000000eed80000,0x00000000ef000000)
 ParOldGen       total 44032K, used 23697K [0x00000000c0000000, 0x00000000c2b00000, 0x00000000eab00000)
  object space 44032K, 53% used [0x00000000c0000000,0x00000000c1724540,0x00000000c2b00000)
 Metaspace       used 6321K, capacity 7216K, committed 7296K, reserved 1056768K
  class space    used 593K, capacity 616K, committed 640K, reserved 1048576K
Event: 11.486 GC heap after
Heap after GC invocations=6 (full 0):
 PSYoungGen      total 68096K, used 2549K [0x00000000eab00000, 0x00000000ef000000, 0x0000000100000000)
  eden space 65536K, 0% used [0x00000000eab00000,0x00000000eab00000,0x00000000eeb00000)
  from space 2560K, 99% used [0x00000000eed80000,0x00000000eeffd620,0x00000000ef000000)
  to   space 2560K, 0% used [0x00000000eeb00000,0x00000000eeb00000,0x00000000eed80000)
 ParOldGen       total 44032K, used 35379K [0x00000000c0000000, 0x00000000c2b00000, 0x00000000eab00000)
  object space 44032K, 80% used [0x00000000c0000000,0x00000000c228ceb8,0x00000000c2b00000)
 Metaspace       used 6321K, capacity 7216K, committed 7296K, reserved 1056768K
  class space    used 593K, capacity 616K, committed 640K, reserved 1048576K
}
Event: 11.486 GC heap before
{Heap before GC invocations=7 (full 1):
 PSYoungGen      total 68096K, used 2549K [0x00000000eab00000, 0x00000000ef000000, 0x0000000100000000)
  eden space 65536K, 0% used [0x00000000eab00000,0x00000000eab00000,0x00000000eeb00000)
  from space 2560K, 99% used [0x00000000eed80000,0x00000000eeffd620,0x00000000ef000000)
  to   space 2560K, 0% used [0x00000000eeb00000,0x00000000eeb00000,0x00000000eed80000)
 ParOldGen       total 44032K, used 35379K [0x00000000c0000000, 0x00000000c2b00000, 0x00000000eab00000)
  object space 44032K, 80% used [0x00000000c0000000,0x00000000c228ceb8,0x00000000c2b00000)
 Metaspace       used 6321K, capacity 7216K, committed 7296K, reserved 1056768K
  class space    used 593K, capacity 616K, committed 640K, reserved 1048576K
Event: 12.092 GC heap after
Heap after GC invocations=7 (full 1):
 PSYoungGen      total 68096K, used 0K [0x00000000eab00000, 0x00000000ef000000, 0x0000000100000000)
  eden space 65536K, 0% used [0x00000000eab00000,0x00000000eab00000,0x00000000eeb00000)
  from space 2560K, 0% used [0x00000000eed80000,0x00000000eed80000,0x00000000ef000000)
  to   space 2560K, 0% used [0x00000000eeb00000,0x00000000eeb00000,0x00000000eed80000)
 ParOldGen       total 71680K, used 33319K [0x00000000c0000000, 0x00000000c4600000, 0x00000000eab00000)
  object space 71680K, 46% used [0x00000000c0000000,0x00000000c2089e20,0x00000000c4600000)
 Metaspace       used 6321K, capacity 7216K, committed 7296K, reserved 1056768K
  class space    used 593K, capacity 616K, committed 640K, reserved 1048576K
}
Event: 12.524 GC heap before
{Heap before GC invocations=8 (full 1):
 PSYoungGen      total 68096K, used 65536K [0x00000000eab00000, 0x00000000ef000000, 0x0000000100000000)
  eden space 65536K, 100% used [0x00000000eab00000,0x00000000eeb00000,0x00000000eeb00000)
  from space 2560K, 0% used [0x00000000eed80000,0x00000000eed80000,0x00000000ef000000)
  to   space 2560K, 0% used [0x00000000eeb00000,0x00000000eeb00000,0x00000000eed80000)
 ParOldGen       total 71680K, used 33319K [0x00000000c0000000, 0x00000000c4600000, 0x00000000eab00000)
  object space 71680K, 46% used [0x00000000c0000000,0x00000000c2089e20,0x00000000c4600000)
 Metaspace       used 6420K, capacity 7256K, committed 7424K, reserved 1056768K
  class space    used 613K, capacity 656K, committed 768K, reserved 1048576K
Event: 12.577 GC heap after
Heap after GC invocations=8 (full 1):
 PSYoungGen      total 68096K, used 2548K [0x00000000eab00000, 0x00000000f3200000, 0x0000000100000000)
  eden space 65536K, 0% used [0x00000000eab00000,0x00000000eab00000,0x00000000eeb00000)
  from space 2560K, 99% used [0x00000000eeb00000,0x00000000eed7d3e0,0x00000000eed80000)
  to   space 17920K, 0% used [0x00000000f2080000,0x00000000f2080000,0x00000000f3200000)
 ParOldGen       total 71680K, used 41314K [0x00000000c0000000, 0x00000000c4600000, 0x00000000eab00000)
  object space 71680K, 57% used [0x00000000c0000000,0x00000000c2858828,0x00000000c4600000)
 Metaspace       used 6420K, capacity 7256K, committed 7424K, reserved 1056768K
  class space    used 613K, capacity 656K, committed 768K, reserved 1048576K
}
Event: 13.023 GC heap before
{Heap before GC invocations=9 (full 1):
 PSYoungGen      total 68096K, used 68084K [0x00000000eab00000, 0x00000000f3200000, 0x0000000100000000)
  eden space 65536K, 100% used [0x00000000eab00000,0x00000000eeb00000,0x00000000eeb00000)
  from space 2560K, 99% used [0x00000000eeb00000,0x00000000eed7d3e0,0x00000000eed80000)
  to   space 17920K, 0% used [0x00000000f2080000,0x00000000f2080000,0x00000000f3200000)
 ParOldGen       total 71680K, used 41314K [0x00000000c0000000, 0x00000000c4600000, 0x00000000eab00000)
  object space 71680K, 57% used [0x00000000c0000000,0x00000000c2858828,0x00000000c4600000)
 Metaspace       used 6435K, capacity 7256K, committed 7424K, reserved 1056768K
  class space    used 613K, capacity 656K, committed 768K, reserved 1048576K
Event: 13.096 GC heap after
Heap after GC invocations=9 (full 1):
 PSYoungGen      total 119296K, used 12737K [0x00000000eab00000, 0x00000000f3780000, 0x0000000100000000)
  eden space 101376K, 0% used [0x00000000eab00000,0x00000000eab00000,0x00000000f0e00000)
  from space 17920K, 71% used [0x00000000f2080000,0x00000000f2cf0590,0x00000000f3200000)
  to   space 18944K, 0% used [0x00000000f0e00000,0x00000000f0e00000,0x00000000f2080000)
 ParOldGen       total 71680K, used 41314K [0x00000000c0000000, 0x00000000c4600000, 0x00000000eab00000)
  object space 71680K, 57% used [0x00000000c0000000,0x00000000c2858828,0x00000000c4600000)
 Metaspace       used 6435K, capacity 7256K, committed 7424K, reserved 1056768K
  class space    used 613K, capacity 656K, committed 768K, reserved 1048576K
}
Event: 13.807 GC heap before
{Heap before GC invocations=10 (full 1):
 PSYoungGen      total 119296K, used 114113K [0x00000000eab00000, 0x00000000f3780000, 0x0000000100000000)
  eden space 101376K, 100% used [0x00000000eab00000,0x00000000f0e00000,0x00000000f0e00000)
  from space 17920K, 71% used [0x00000000f2080000,0x00000000f2cf0590,0x00000000f3200000)
  to   space 18944K, 0% used [0x00000000f0e00000,0x00000000f0e00000,0x00000000f2080000)
 ParOldGen       total 71680K, used 41314K [0x00000000c0000000, 0x00000000c4600000, 0x00000000eab00000)
  object space 71680K, 57% used [0x00000000c0000000,0x00000000c2858828,0x00000000c4600000)
 Metaspace       used 6444K, capacity 7256K, committed 7424K, reserved 1056768K
  class space    used 613K, capacity 656K, committed 768K, reserved 1048576K
Event: 13.877 GC heap after
Heap after GC invocations=10 (full 1):
 PSYoungGen      total 120320K, used 18943K [0x00000000eab00000, 0x00000000f6400000, 0x0000000100000000)
  eden space 101376K, 0% used [0x00000000eab00000,0x00000000eab00000,0x00000000f0e00000)
  from space 18944K, 99% used [0x00000000f0e00000,0x00000000f207fde0,0x00000000f2080000)
  to   space 25088K, 0% used [0x00000000f4b80000,0x00000000f4b80000,0x00000000f6400000)
 ParOldGen       total 71680K, used 49268K [0x00000000c0000000, 0x00000000c4600000, 0x00000000eab00000)
  object space 71680K, 68% used [0x00000000c0000000,0x00000000c301d1d0,0x00000000c4600000)
 Metaspace       used 6444K, capacity 7256K, committed 7424K, reserved 1056768K
  class space    used 613K, capacity 656K, committed 768K, reserved 1048576K
}

